[0.433s] Invoking command in '/home/jagadeesh97/ros2_ws/src/robot_controller': PYTHONPATH=/home/jagadeesh97/ros2_ws/build/robot_controller/prefix_override:/usr/lib/python3/dist-packages/colcon_core/task/python/colcon_distutils_commands:/home/jagadeesh97/ros2_ws/install/robot_controller/lib/python3.10/site-packages:${PYTHONPATH} /usr/bin/python3 -W ignore:setup.py install is deprecated setup.py egg_info --egg-base ../../build/robot_controller build --build-base /home/jagadeesh97/ros2_ws/build/robot_controller/build install --record /home/jagadeesh97/ros2_ws/build/robot_controller/install.log --single-version-externally-managed install_data
[0.558s] running egg_info
[0.559s] creating ../../build/robot_controller/robot_controller.egg-info
[0.559s] writing ../../build/robot_controller/robot_controller.egg-info/PKG-INFO
[0.559s] writing dependency_links to ../../build/robot_controller/robot_controller.egg-info/dependency_links.txt
[0.559s] writing entry points to ../../build/robot_controller/robot_controller.egg-info/entry_points.txt
[0.559s] writing requirements to ../../build/robot_controller/robot_controller.egg-info/requires.txt
[0.559s] writing top-level names to ../../build/robot_controller/robot_controller.egg-info/top_level.txt
[0.560s] writing manifest file '../../build/robot_controller/robot_controller.egg-info/SOURCES.txt'
[0.560s] reading manifest file '../../build/robot_controller/robot_controller.egg-info/SOURCES.txt'
[0.561s] writing manifest file '../../build/robot_controller/robot_controller.egg-info/SOURCES.txt'
[0.561s] running build
[0.561s] running build_py
[0.561s] creating /home/jagadeesh97/ros2_ws/build/robot_controller/build
[0.561s] creating /home/jagadeesh97/ros2_ws/build/robot_controller/build/lib
[0.561s] creating /home/jagadeesh97/ros2_ws/build/robot_controller/build/lib/robot_controller
[0.561s] copying robot_controller/__init__.py -> /home/jagadeesh97/ros2_ws/build/robot_controller/build/lib/robot_controller
[0.561s] running install
[0.561s] running install_lib
[0.562s] creating /home/jagadeesh97/ros2_ws/install/robot_controller/lib/python3.10/site-packages/robot_controller
[0.562s] copying /home/jagadeesh97/ros2_ws/build/robot_controller/build/lib/robot_controller/__init__.py -> /home/jagadeesh97/ros2_ws/install/robot_controller/lib/python3.10/site-packages/robot_controller
[0.562s] byte-compiling /home/jagadeesh97/ros2_ws/install/robot_controller/lib/python3.10/site-packages/robot_controller/__init__.py to __init__.cpython-310.pyc
[0.562s] running install_data
[0.562s] creating /home/jagadeesh97/ros2_ws/install/robot_controller/share/ament_index
[0.562s] creating /home/jagadeesh97/ros2_ws/install/robot_controller/share/ament_index/resource_index
[0.562s] creating /home/jagadeesh97/ros2_ws/install/robot_controller/share/ament_index/resource_index/packages
[0.562s] copying resource/robot_controller -> /home/jagadeesh97/ros2_ws/install/robot_controller/share/ament_index/resource_index/packages
[0.562s] copying package.xml -> /home/jagadeesh97/ros2_ws/install/robot_controller/share/robot_controller
[0.562s] running install_egg_info
[0.564s] Copying ../../build/robot_controller/robot_controller.egg-info to /home/jagadeesh97/ros2_ws/install/robot_controller/lib/python3.10/site-packages/robot_controller-0.0.0-py3.10.egg-info
[0.564s] running install_scripts
[0.577s] writing list of installed files to '/home/jagadeesh97/ros2_ws/build/robot_controller/install.log'
[0.593s] Invoked command in '/home/jagadeesh97/ros2_ws/src/robot_controller' returned '0': PYTHONPATH=/home/jagadeesh97/ros2_ws/build/robot_controller/prefix_override:/usr/lib/python3/dist-packages/colcon_core/task/python/colcon_distutils_commands:/home/jagadeesh97/ros2_ws/install/robot_controller/lib/python3.10/site-packages:${PYTHONPATH} /usr/bin/python3 -W ignore:setup.py install is deprecated setup.py egg_info --egg-base ../../build/robot_controller build --build-base /home/jagadeesh97/ros2_ws/build/robot_controller/build install --record /home/jagadeesh97/ros2_ws/build/robot_controller/install.log --single-version-externally-managed install_data
