[0.427s] Invoking command in '/home/jagadeesh97/ros2_ws/src/robot_controller': PYTHONPATH=/home/jagadeesh97/ros2_ws/build/robot_controller/prefix_override:/usr/lib/python3/dist-packages/colcon_core/task/python/colcon_distutils_commands:/home/jagadeesh97/ros2_ws/install/robot_controller/lib/python3.10/site-packages:${PYTHONPATH} /usr/bin/python3 -W ignore:setup.py install is deprecated setup.py egg_info --egg-base ../../build/robot_controller build --build-base /home/jagadeesh97/ros2_ws/build/robot_controller/build install --record /home/jagadeesh97/ros2_ws/build/robot_controller/install.log --single-version-externally-managed install_data
[0.579s] running egg_info
[0.579s] writing ../../build/robot_controller/robot_controller.egg-info/PKG-INFO
[0.580s] writing dependency_links to ../../build/robot_controller/robot_controller.egg-info/dependency_links.txt
[0.580s] writing entry points to ../../build/robot_controller/robot_controller.egg-info/entry_points.txt
[0.580s] writing requirements to ../../build/robot_controller/robot_controller.egg-info/requires.txt
[0.580s] writing top-level names to ../../build/robot_controller/robot_controller.egg-info/top_level.txt
[0.582s] reading manifest file '../../build/robot_controller/robot_controller.egg-info/SOURCES.txt'
[0.582s] writing manifest file '../../build/robot_controller/robot_controller.egg-info/SOURCES.txt'
[0.582s] running build
[0.583s] running build_py
[0.583s] running install
[0.583s] running install_lib
[0.584s] running install_data
[0.585s] running install_egg_info
[0.586s] removing '/home/jagadeesh97/ros2_ws/install/robot_controller/lib/python3.10/site-packages/robot_controller-0.0.0-py3.10.egg-info' (and everything under it)
[0.586s] Copying ../../build/robot_controller/robot_controller.egg-info to /home/jagadeesh97/ros2_ws/install/robot_controller/lib/python3.10/site-packages/robot_controller-0.0.0-py3.10.egg-info
[0.586s] running install_scripts
[0.602s] Installing draw_circle script to /home/jagadeesh97/ros2_ws/install/robot_controller/lib/robot_controller
[0.602s] Installing draw_square script to /home/jagadeesh97/ros2_ws/install/robot_controller/lib/robot_controller
[0.603s] Installing pose_subscriber script to /home/jagadeesh97/ros2_ws/install/robot_controller/lib/robot_controller
[0.603s] Installing test_node script to /home/jagadeesh97/ros2_ws/install/robot_controller/lib/robot_controller
[0.603s] Installing turtle_controller script to /home/jagadeesh97/ros2_ws/install/robot_controller/lib/robot_controller
[0.603s] writing list of installed files to '/home/jagadeesh97/ros2_ws/build/robot_controller/install.log'
[0.619s] Invoked command in '/home/jagadeesh97/ros2_ws/src/robot_controller' returned '0': PYTHONPATH=/home/jagadeesh97/ros2_ws/build/robot_controller/prefix_override:/usr/lib/python3/dist-packages/colcon_core/task/python/colcon_distutils_commands:/home/jagadeesh97/ros2_ws/install/robot_controller/lib/python3.10/site-packages:${PYTHONPATH} /usr/bin/python3 -W ignore:setup.py install is deprecated setup.py egg_info --egg-base ../../build/robot_controller build --build-base /home/jagadeesh97/ros2_ws/build/robot_controller/build install --record /home/jagadeesh97/ros2_ws/build/robot_controller/install.log --single-version-externally-managed install_data
