[0.545s] Invoking command in '/home/jagadeesh97/ros2_ws/build/robot_controller': PYTHONPATH=/home/jagadeesh97/ros2_ws/build/robot_controller/prefix_override:/usr/lib/python3/dist-packages/colcon_core/task/python/colcon_distutils_commands:/home/jagadeesh97/ros2_ws/install/robot_controller/lib/python3.10/site-packages:${PYTHONPATH} /usr/bin/python3 -W ignore:setup.py install is deprecated setup.py develop --editable --build-directory /home/jagadeesh97/ros2_ws/build/robot_controller/build --no-deps symlink_data --force
[0.718s] running develop
[0.719s] /usr/lib/python3/dist-packages/setuptools/command/easy_install.py:158: EasyInstallDeprecationWarning: easy_install command is deprecated. Use build and pip and other standards-based tools.
[0.719s]   warnings.warn(
[0.798s] running egg_info
[0.798s] writing robot_controller.egg-info/PKG-INFO
[0.798s] writing dependency_links to robot_controller.egg-info/dependency_links.txt
[0.798s] writing entry points to robot_controller.egg-info/entry_points.txt
[0.798s] writing requirements to robot_controller.egg-info/requires.txt
[0.798s] writing top-level names to robot_controller.egg-info/top_level.txt
[0.800s] reading manifest file 'robot_controller.egg-info/SOURCES.txt'
[0.800s] writing manifest file 'robot_controller.egg-info/SOURCES.txt'
[0.801s] running build_ext
[0.801s] Creating /home/jagadeesh97/ros2_ws/install/robot_controller/lib/python3.10/site-packages/robot-controller.egg-link (link to .)
[0.801s] Installing draw_circle script to /home/jagadeesh97/ros2_ws/install/robot_controller/lib/robot_controller
[0.801s] Installing pose_subscriber script to /home/jagadeesh97/ros2_ws/install/robot_controller/lib/robot_controller
[0.802s] Installing test_node script to /home/jagadeesh97/ros2_ws/install/robot_controller/lib/robot_controller
[0.802s] Installing turtle_controller script to /home/jagadeesh97/ros2_ws/install/robot_controller/lib/robot_controller
[0.802s] 
[0.802s] Installed /home/jagadeesh97/ros2_ws/build/robot_controller
[0.802s] running symlink_data
[0.802s] symbolically linking /home/jagadeesh97/ros2_ws/build/robot_controller/resource/robot_controller -> /home/jagadeesh97/ros2_ws/install/robot_controller/share/ament_index/resource_index/packages
[0.802s] symbolically linking /home/jagadeesh97/ros2_ws/build/robot_controller/package.xml -> /home/jagadeesh97/ros2_ws/install/robot_controller/share/robot_controller
[0.822s] Invoked command in '/home/jagadeesh97/ros2_ws/build/robot_controller' returned '0': PYTHONPATH=/home/jagadeesh97/ros2_ws/build/robot_controller/prefix_override:/usr/lib/python3/dist-packages/colcon_core/task/python/colcon_distutils_commands:/home/jagadeesh97/ros2_ws/install/robot_controller/lib/python3.10/site-packages:${PYTHONPATH} /usr/bin/python3 -W ignore:setup.py install is deprecated setup.py develop --editable --build-directory /home/jagadeesh97/ros2_ws/build/robot_controller/build --no-deps symlink_data --force
