[0.530s] Invoking command in '/home/jagadeesh97/ros2_ws/build/robot_controller': PYTHONPATH=/home/jagadeesh97/ros2_ws/build/robot_controller/prefix_override:/usr/lib/python3/dist-packages/colcon_core/task/python/colcon_distutils_commands:/home/jagadeesh97/ros2_ws/install/robot_controller/lib/python3.10/site-packages:${PYTHONPATH} /usr/bin/python3 -W ignore:setup.py install is deprecated setup.py develop --editable --build-directory /home/jagadeesh97/ros2_ws/build/robot_controller/build --no-deps symlink_data
[0.670s] running develop
[0.671s] /usr/lib/python3/dist-packages/setuptools/command/easy_install.py:158: EasyInstallDeprecationWarning: easy_install command is deprecated. Use build and pip and other standards-based tools.
[0.671s]   warnings.warn(
[0.751s] running egg_info
[0.751s] writing robot_controller.egg-info/PKG-INFO
[0.751s] writing dependency_links to robot_controller.egg-info/dependency_links.txt
[0.751s] writing entry points to robot_controller.egg-info/entry_points.txt
[0.751s] writing requirements to robot_controller.egg-info/requires.txt
[0.751s] writing top-level names to robot_controller.egg-info/top_level.txt
[0.752s] reading manifest file 'robot_controller.egg-info/SOURCES.txt'
[0.753s] writing manifest file 'robot_controller.egg-info/SOURCES.txt'
[0.754s] running build_ext
[0.754s] Creating /home/jagadeesh97/ros2_ws/install/robot_controller/lib/python3.10/site-packages/robot-controller.egg-link (link to .)
[0.754s] Installing draw_circle script to /home/jagadeesh97/ros2_ws/install/robot_controller/lib/robot_controller
[0.754s] Installing pose_subscriber script to /home/jagadeesh97/ros2_ws/install/robot_controller/lib/robot_controller
[0.754s] Installing test_node script to /home/jagadeesh97/ros2_ws/install/robot_controller/lib/robot_controller
[0.754s] Installing turtle_controller script to /home/jagadeesh97/ros2_ws/install/robot_controller/lib/robot_controller
[0.755s] 
[0.755s] Installed /home/jagadeesh97/ros2_ws/build/robot_controller
[0.755s] running symlink_data
[0.773s] Invoked command in '/home/jagadeesh97/ros2_ws/build/robot_controller' returned '0': PYTHONPATH=/home/jagadeesh97/ros2_ws/build/robot_controller/prefix_override:/usr/lib/python3/dist-packages/colcon_core/task/python/colcon_distutils_commands:/home/jagadeesh97/ros2_ws/install/robot_controller/lib/python3.10/site-packages:${PYTHONPATH} /usr/bin/python3 -W ignore:setup.py install is deprecated setup.py develop --editable --build-directory /home/jagadeesh97/ros2_ws/build/robot_controller/build --no-deps symlink_data
