[0.491s] Invoking command in '/home/jagadeesh97/ros2_ws/src/robot_controller': PYTHONPATH=/home/jagadeesh97/ros2_ws/build/robot_controller/prefix_override:/usr/lib/python3/dist-packages/colcon_core/task/python/colcon_distutils_commands:/home/jagadeesh97/ros2_ws/install/robot_controller/lib/python3.10/site-packages:${PYTHONPATH} /usr/bin/python3 -W ignore:setup.py install is deprecated setup.py egg_info --egg-base ../../build/robot_controller build --build-base /home/jagadeesh97/ros2_ws/build/robot_controller/build install --record /home/jagadeesh97/ros2_ws/build/robot_controller/install.log --single-version-externally-managed install_data
[0.684s] running egg_info
[0.685s] writing ../../build/robot_controller/robot_controller.egg-info/PKG-INFO
[0.685s] writing dependency_links to ../../build/robot_controller/robot_controller.egg-info/dependency_links.txt
[0.685s] writing entry points to ../../build/robot_controller/robot_controller.egg-info/entry_points.txt
[0.685s] writing requirements to ../../build/robot_controller/robot_controller.egg-info/requires.txt
[0.685s] writing top-level names to ../../build/robot_controller/robot_controller.egg-info/top_level.txt
[0.686s] reading manifest file '../../build/robot_controller/robot_controller.egg-info/SOURCES.txt'
[0.687s] writing manifest file '../../build/robot_controller/robot_controller.egg-info/SOURCES.txt'
[0.687s] running build
[0.687s] running build_py
[0.687s] copying robot_controller/node0.py -> /home/jagadeesh97/ros2_ws/build/robot_controller/build/lib/robot_controller
[0.687s] running install
[0.687s] running install_lib
[0.688s] copying /home/jagadeesh97/ros2_ws/build/robot_controller/build/lib/robot_controller/node0.py -> /home/jagadeesh97/ros2_ws/install/robot_controller/lib/python3.10/site-packages/robot_controller
[0.688s] byte-compiling /home/jagadeesh97/ros2_ws/install/robot_controller/lib/python3.10/site-packages/robot_controller/node0.py to node0.cpython-310.pyc
[0.688s] running install_data
[0.688s] running install_egg_info
[0.689s] removing '/home/jagadeesh97/ros2_ws/install/robot_controller/lib/python3.10/site-packages/robot_controller-0.0.0-py3.10.egg-info' (and everything under it)
[0.690s] Copying ../../build/robot_controller/robot_controller.egg-info to /home/jagadeesh97/ros2_ws/install/robot_controller/lib/python3.10/site-packages/robot_controller-0.0.0-py3.10.egg-info
[0.690s] running install_scripts
[0.703s] Installing test_node script to /home/jagadeesh97/ros2_ws/install/robot_controller/lib/robot_controller
[0.703s] writing list of installed files to '/home/jagadeesh97/ros2_ws/build/robot_controller/install.log'
[0.721s] Invoked command in '/home/jagadeesh97/ros2_ws/src/robot_controller' returned '0': PYTHONPATH=/home/jagadeesh97/ros2_ws/build/robot_controller/prefix_override:/usr/lib/python3/dist-packages/colcon_core/task/python/colcon_distutils_commands:/home/jagadeesh97/ros2_ws/install/robot_controller/lib/python3.10/site-packages:${PYTHONPATH} /usr/bin/python3 -W ignore:setup.py install is deprecated setup.py egg_info --egg-base ../../build/robot_controller build --build-base /home/jagadeesh97/ros2_ws/build/robot_controller/build install --record /home/jagadeesh97/ros2_ws/build/robot_controller/install.log --single-version-externally-managed install_data
