/home/jagadeesh97/ros2_ws/install/robot_controller/lib/python3.10/site-packages/robot_controller/turtle_controller.py
/home/jagadeesh97/ros2_ws/install/robot_controller/lib/python3.10/site-packages/robot_controller/draw_circle.py
/home/jagadeesh97/ros2_ws/install/robot_controller/lib/python3.10/site-packages/robot_controller/draw_square.py
/home/jagadeesh97/ros2_ws/install/robot_controller/lib/python3.10/site-packages/robot_controller/__init__.py
/home/jagadeesh97/ros2_ws/install/robot_controller/lib/python3.10/site-packages/robot_controller/pose_subscriber.py
/home/jagadeesh97/ros2_ws/install/robot_controller/lib/python3.10/site-packages/robot_controller/node0.py
/home/jagadeesh97/ros2_ws/install/robot_controller/lib/python3.10/site-packages/robot_controller/__pycache__/turtle_controller.cpython-310.pyc
/home/jagadeesh97/ros2_ws/install/robot_controller/lib/python3.10/site-packages/robot_controller/__pycache__/draw_circle.cpython-310.pyc
/home/jagadeesh97/ros2_ws/install/robot_controller/lib/python3.10/site-packages/robot_controller/__pycache__/draw_square.cpython-310.pyc
/home/jagadeesh97/ros2_ws/install/robot_controller/lib/python3.10/site-packages/robot_controller/__pycache__/__init__.cpython-310.pyc
/home/jagadeesh97/ros2_ws/install/robot_controller/lib/python3.10/site-packages/robot_controller/__pycache__/pose_subscriber.cpython-310.pyc
/home/jagadeesh97/ros2_ws/install/robot_controller/lib/python3.10/site-packages/robot_controller/__pycache__/node0.cpython-310.pyc
/home/jagadeesh97/ros2_ws/install/robot_controller/share/ament_index/resource_index/packages/robot_controller
/home/jagadeesh97/ros2_ws/install/robot_controller/share/robot_controller/package.xml
/home/jagadeesh97/ros2_ws/install/robot_controller/lib/python3.10/site-packages/robot_controller-0.0.0-py3.10.egg-info/dependency_links.txt
/home/jagadeesh97/ros2_ws/install/robot_controller/lib/python3.10/site-packages/robot_controller-0.0.0-py3.10.egg-info/SOURCES.txt
/home/jagadeesh97/ros2_ws/install/robot_controller/lib/python3.10/site-packages/robot_controller-0.0.0-py3.10.egg-info/PKG-INFO
/home/jagadeesh97/ros2_ws/install/robot_controller/lib/python3.10/site-packages/robot_controller-0.0.0-py3.10.egg-info/top_level.txt
/home/jagadeesh97/ros2_ws/install/robot_controller/lib/python3.10/site-packages/robot_controller-0.0.0-py3.10.egg-info/entry_points.txt
/home/jagadeesh97/ros2_ws/install/robot_controller/lib/python3.10/site-packages/robot_controller-0.0.0-py3.10.egg-info/requires.txt
/home/jagadeesh97/ros2_ws/install/robot_controller/lib/python3.10/site-packages/robot_controller-0.0.0-py3.10.egg-info/zip-safe
/home/jagadeesh97/ros2_ws/install/robot_controller/lib/robot_controller/draw_circle
/home/jagadeesh97/ros2_ws/install/robot_controller/lib/robot_controller/draw_square
/home/jagadeesh97/ros2_ws/install/robot_controller/lib/robot_controller/pose_subscriber
/home/jagadeesh97/ros2_ws/install/robot_controller/lib/robot_controller/test_node
/home/jagadeesh97/ros2_ws/install/robot_controller/lib/robot_controller/turtle_controller
