[0.481s] Invoking command in '/home/jagadeesh97/ros2_ws/src/robot_controller': PYTHONPATH=/home/jagadeesh97/ros2_ws/build/robot_controller/prefix_override:/usr/lib/python3/dist-packages/colcon_core/task/python/colcon_distutils_commands:/home/jagadeesh97/ros2_ws/install/robot_controller/lib/python3.10/site-packages:${PYTHONPATH} /usr/bin/python3 -W ignore:setup.py install is deprecated setup.py egg_info --egg-base ../../build/robot_controller build --build-base /home/jagadeesh97/ros2_ws/build/robot_controller/build install --record /home/jagadeesh97/ros2_ws/build/robot_controller/install.log --single-version-externally-managed install_data
[0.675s] running egg_info
[0.675s] writing ../../build/robot_controller/robot_controller.egg-info/PKG-INFO
[0.675s] writing dependency_links to ../../build/robot_controller/robot_controller.egg-info/dependency_links.txt
[0.675s] writing entry points to ../../build/robot_controller/robot_controller.egg-info/entry_points.txt
[0.676s] writing requirements to ../../build/robot_controller/robot_controller.egg-info/requires.txt
[0.676s] writing top-level names to ../../build/robot_controller/robot_controller.egg-info/top_level.txt
[0.677s] reading manifest file '../../build/robot_controller/robot_controller.egg-info/SOURCES.txt'
[0.678s] writing manifest file '../../build/robot_controller/robot_controller.egg-info/SOURCES.txt'
[0.678s] running build
[0.678s] running build_py
[0.678s] copying robot_controller/turtle_controller.py -> /home/jagadeesh97/ros2_ws/build/robot_controller/build/lib/robot_controller
[0.678s] running install
[0.678s] running install_lib
[0.679s] copying /home/jagadeesh97/ros2_ws/build/robot_controller/build/lib/robot_controller/turtle_controller.py -> /home/jagadeesh97/ros2_ws/install/robot_controller/lib/python3.10/site-packages/robot_controller
[0.679s] byte-compiling /home/jagadeesh97/ros2_ws/install/robot_controller/lib/python3.10/site-packages/robot_controller/turtle_controller.py to turtle_controller.cpython-310.pyc
[0.680s] running install_data
[0.680s] running install_egg_info
[0.681s] removing '/home/jagadeesh97/ros2_ws/install/robot_controller/lib/python3.10/site-packages/robot_controller-0.0.0-py3.10.egg-info' (and everything under it)
[0.681s] Copying ../../build/robot_controller/robot_controller.egg-info to /home/jagadeesh97/ros2_ws/install/robot_controller/lib/python3.10/site-packages/robot_controller-0.0.0-py3.10.egg-info
[0.682s] running install_scripts
[0.694s] Installing draw_circle script to /home/jagadeesh97/ros2_ws/install/robot_controller/lib/robot_controller
[0.694s] Installing draw_square script to /home/jagadeesh97/ros2_ws/install/robot_controller/lib/robot_controller
[0.695s] Installing pose_subscriber script to /home/jagadeesh97/ros2_ws/install/robot_controller/lib/robot_controller
[0.695s] Installing test_node script to /home/jagadeesh97/ros2_ws/install/robot_controller/lib/robot_controller
[0.695s] Installing turtle_controller script to /home/jagadeesh97/ros2_ws/install/robot_controller/lib/robot_controller
[0.695s] writing list of installed files to '/home/jagadeesh97/ros2_ws/build/robot_controller/install.log'
[0.711s] Invoked command in '/home/jagadeesh97/ros2_ws/src/robot_controller' returned '0': PYTHONPATH=/home/jagadeesh97/ros2_ws/build/robot_controller/prefix_override:/usr/lib/python3/dist-packages/colcon_core/task/python/colcon_distutils_commands:/home/jagadeesh97/ros2_ws/install/robot_controller/lib/python3.10/site-packages:${PYTHONPATH} /usr/bin/python3 -W ignore:setup.py install is deprecated setup.py egg_info --egg-base ../../build/robot_controller build --build-base /home/jagadeesh97/ros2_ws/build/robot_controller/build install --record /home/jagadeesh97/ros2_ws/build/robot_controller/install.log --single-version-externally-managed install_data
