running develop
/usr/lib/python3/dist-packages/setuptools/command/easy_install.py:158: EasyInstallDeprecationWarning: easy_install command is deprecated. Use build and pip and other standards-based tools.
  warnings.warn(
Removing /home/jagadeesh97/ros2_ws/install/robot_controller/lib/python3.10/site-packages/robot-controller.egg-link (link to .)
running egg_info
writing ../../build/robot_controller/robot_controller.egg-info/PKG-INFO
writing dependency_links to ../../build/robot_controller/robot_controller.egg-info/dependency_links.txt
writing entry points to ../../build/robot_controller/robot_controller.egg-info/entry_points.txt
writing requirements to ../../build/robot_controller/robot_controller.egg-info/requires.txt
writing top-level names to ../../build/robot_controller/robot_controller.egg-info/top_level.txt
reading manifest file '../../build/robot_controller/robot_controller.egg-info/SOURCES.txt'
writing manifest file '../../build/robot_controller/robot_controller.egg-info/SOURCES.txt'
running build
running build_py
copying robot_controller/turtle_controller.py -> /home/jagadeesh97/ros2_ws/build/robot_controller/build/lib/robot_controller
copying robot_controller/draw_square.py -> /home/jagadeesh97/ros2_ws/build/robot_controller/build/lib/robot_controller
copying robot_controller/pose_subscriber.py -> /home/jagadeesh97/ros2_ws/build/robot_controller/build/lib/robot_controller
running install
running install_lib
creating /home/jagadeesh97/ros2_ws/install/robot_controller/lib/python3.10/site-packages/robot_controller
copying /home/jagadeesh97/ros2_ws/build/robot_controller/build/lib/robot_controller/turtle_controller.py -> /home/jagadeesh97/ros2_ws/install/robot_controller/lib/python3.10/site-packages/robot_controller
copying /home/jagadeesh97/ros2_ws/build/robot_controller/build/lib/robot_controller/draw_circle.py -> /home/jagadeesh97/ros2_ws/install/robot_controller/lib/python3.10/site-packages/robot_controller
copying /home/jagadeesh97/ros2_ws/build/robot_controller/build/lib/robot_controller/draw_square.py -> /home/jagadeesh97/ros2_ws/install/robot_controller/lib/python3.10/site-packages/robot_controller
copying /home/jagadeesh97/ros2_ws/build/robot_controller/build/lib/robot_controller/__init__.py -> /home/jagadeesh97/ros2_ws/install/robot_controller/lib/python3.10/site-packages/robot_controller
copying /home/jagadeesh97/ros2_ws/build/robot_controller/build/lib/robot_controller/pose_subscriber.py -> /home/jagadeesh97/ros2_ws/install/robot_controller/lib/python3.10/site-packages/robot_controller
copying /home/jagadeesh97/ros2_ws/build/robot_controller/build/lib/robot_controller/node0.py -> /home/jagadeesh97/ros2_ws/install/robot_controller/lib/python3.10/site-packages/robot_controller
byte-compiling /home/jagadeesh97/ros2_ws/install/robot_controller/lib/python3.10/site-packages/robot_controller/turtle_controller.py to turtle_controller.cpython-310.pyc
byte-compiling /home/jagadeesh97/ros2_ws/install/robot_controller/lib/python3.10/site-packages/robot_controller/draw_circle.py to draw_circle.cpython-310.pyc
byte-compiling /home/jagadeesh97/ros2_ws/install/robot_controller/lib/python3.10/site-packages/robot_controller/draw_square.py to draw_square.cpython-310.pyc
byte-compiling /home/jagadeesh97/ros2_ws/install/robot_controller/lib/python3.10/site-packages/robot_controller/__init__.py to __init__.cpython-310.pyc
byte-compiling /home/jagadeesh97/ros2_ws/install/robot_controller/lib/python3.10/site-packages/robot_controller/pose_subscriber.py to pose_subscriber.cpython-310.pyc
byte-compiling /home/jagadeesh97/ros2_ws/install/robot_controller/lib/python3.10/site-packages/robot_controller/node0.py to node0.cpython-310.pyc
running install_data
copying resource/robot_controller -> /home/jagadeesh97/ros2_ws/install/robot_controller/share/ament_index/resource_index/packages
copying package.xml -> /home/jagadeesh97/ros2_ws/install/robot_controller/share/robot_controller
running install_egg_info
Copying ../../build/robot_controller/robot_controller.egg-info to /home/jagadeesh97/ros2_ws/install/robot_controller/lib/python3.10/site-packages/robot_controller-0.0.0-py3.10.egg-info
running install_scripts
Installing draw_circle script to /home/jagadeesh97/ros2_ws/install/robot_controller/lib/robot_controller
Installing draw_square script to /home/jagadeesh97/ros2_ws/install/robot_controller/lib/robot_controller
Installing pose_subscriber script to /home/jagadeesh97/ros2_ws/install/robot_controller/lib/robot_controller
Installing test_node script to /home/jagadeesh97/ros2_ws/install/robot_controller/lib/robot_controller
Installing turtle_controller script to /home/jagadeesh97/ros2_ws/install/robot_controller/lib/robot_controller
writing list of installed files to '/home/jagadeesh97/ros2_ws/build/robot_controller/install.log'
