[0.464s] Invoking command in '/home/jagadeesh97/ros2_ws/build/robot_controller': PYTHONPATH=/home/jagadeesh97/ros2_ws/build/robot_controller/prefix_override:/usr/lib/python3/dist-packages/colcon_core/task/python/colcon_distutils_commands:/home/jagadeesh97/ros2_ws/install/robot_controller/lib/python3.10/site-packages:${PYTHONPATH} /usr/bin/python3 -W ignore:setup.py install is deprecated setup.py develop --uninstall --editable --build-directory /home/jagadeesh97/ros2_ws/build/robot_controller/build
[0.709s] running develop
[0.710s] /usr/lib/python3/dist-packages/setuptools/command/easy_install.py:158: EasyInstallDeprecationWarning: easy_install command is deprecated. Use build and pip and other standards-based tools.
[0.710s]   warnings.warn(
[0.793s] Removing /home/jagadeesh97/ros2_ws/install/robot_controller/lib/python3.10/site-packages/robot-controller.egg-link (link to .)
[0.811s] Invoked command in '/home/jagadeesh97/ros2_ws/build/robot_controller' returned '0': PYTHONPATH=/home/jagadeesh97/ros2_ws/build/robot_controller/prefix_override:/usr/lib/python3/dist-packages/colcon_core/task/python/colcon_distutils_commands:/home/jagadeesh97/ros2_ws/install/robot_controller/lib/python3.10/site-packages:${PYTHONPATH} /usr/bin/python3 -W ignore:setup.py install is deprecated setup.py develop --uninstall --editable --build-directory /home/jagadeesh97/ros2_ws/build/robot_controller/build
[0.812s] Invoking command in '/home/jagadeesh97/ros2_ws/src/robot_controller': PYTHONPATH=/home/jagadeesh97/ros2_ws/build/robot_controller/prefix_override:/usr/lib/python3/dist-packages/colcon_core/task/python/colcon_distutils_commands:/home/jagadeesh97/ros2_ws/install/robot_controller/lib/python3.10/site-packages:${PYTHONPATH} /usr/bin/python3 -W ignore:setup.py install is deprecated setup.py egg_info --egg-base ../../build/robot_controller build --build-base /home/jagadeesh97/ros2_ws/build/robot_controller/build install --record /home/jagadeesh97/ros2_ws/build/robot_controller/install.log --single-version-externally-managed install_data --force
[1.018s] running egg_info
[1.018s] writing ../../build/robot_controller/robot_controller.egg-info/PKG-INFO
[1.018s] writing dependency_links to ../../build/robot_controller/robot_controller.egg-info/dependency_links.txt
[1.018s] writing entry points to ../../build/robot_controller/robot_controller.egg-info/entry_points.txt
[1.018s] writing requirements to ../../build/robot_controller/robot_controller.egg-info/requires.txt
[1.018s] writing top-level names to ../../build/robot_controller/robot_controller.egg-info/top_level.txt
[1.019s] reading manifest file '../../build/robot_controller/robot_controller.egg-info/SOURCES.txt'
[1.020s] writing manifest file '../../build/robot_controller/robot_controller.egg-info/SOURCES.txt'
[1.020s] running build
[1.020s] running build_py
[1.020s] copying robot_controller/node0.py -> /home/jagadeesh97/ros2_ws/build/robot_controller/build/lib/robot_controller
[1.025s] running install
[1.025s] running install_lib
[1.025s] creating /home/jagadeesh97/ros2_ws/install/robot_controller/lib/python3.10/site-packages/robot_controller
[1.025s] copying /home/jagadeesh97/ros2_ws/build/robot_controller/build/lib/robot_controller/__init__.py -> /home/jagadeesh97/ros2_ws/install/robot_controller/lib/python3.10/site-packages/robot_controller
[1.025s] copying /home/jagadeesh97/ros2_ws/build/robot_controller/build/lib/robot_controller/node0.py -> /home/jagadeesh97/ros2_ws/install/robot_controller/lib/python3.10/site-packages/robot_controller
[1.026s] byte-compiling /home/jagadeesh97/ros2_ws/install/robot_controller/lib/python3.10/site-packages/robot_controller/__init__.py to __init__.cpython-310.pyc
[1.026s] byte-compiling /home/jagadeesh97/ros2_ws/install/robot_controller/lib/python3.10/site-packages/robot_controller/node0.py to node0.cpython-310.pyc
[1.026s] running install_data
[1.026s] copying resource/robot_controller -> /home/jagadeesh97/ros2_ws/install/robot_controller/share/ament_index/resource_index/packages
[1.026s] copying package.xml -> /home/jagadeesh97/ros2_ws/install/robot_controller/share/robot_controller
[1.026s] running install_egg_info
[1.027s] Copying ../../build/robot_controller/robot_controller.egg-info to /home/jagadeesh97/ros2_ws/install/robot_controller/lib/python3.10/site-packages/robot_controller-0.0.0-py3.10.egg-info
[1.027s] running install_scripts
[1.040s] Installing test_node script to /home/jagadeesh97/ros2_ws/install/robot_controller/lib/robot_controller
[1.041s] writing list of installed files to '/home/jagadeesh97/ros2_ws/build/robot_controller/install.log'
[1.062s] Invoked command in '/home/jagadeesh97/ros2_ws/src/robot_controller' returned '0': PYTHONPATH=/home/jagadeesh97/ros2_ws/build/robot_controller/prefix_override:/usr/lib/python3/dist-packages/colcon_core/task/python/colcon_distutils_commands:/home/jagadeesh97/ros2_ws/install/robot_controller/lib/python3.10/site-packages:${PYTHONPATH} /usr/bin/python3 -W ignore:setup.py install is deprecated setup.py egg_info --egg-base ../../build/robot_controller build --build-base /home/jagadeesh97/ros2_ws/build/robot_controller/build install --record /home/jagadeesh97/ros2_ws/build/robot_controller/install.log --single-version-externally-managed install_data --force
